c:\users\salihpkdmr\source\repos\project4\project4\x64\debug\vc143.pdb
c:\users\salihpkdmr\source\repos\project4\project4\x64\debug\vc143.idb
c:\users\salihpkdmr\source\repos\project4\project4\x64\debug\filename.obj
c:\users\salihpkdmr\source\repos\project4\project4\x64\debug\12.obj
c:\users\salihpkdmr\source\repos\project4\project4\x64\debug\filename2.obj
c:\users\salihpkdmr\source\repos\project4\project4\x64\debug\13.obj
c:\users\salihpkdmr\source\repos\project4\x64\debug\project4.exe
c:\users\salihpkdmr\source\repos\project4\x64\debug\project4.pdb
c:\users\salihpkdmr\source\repos\project4\project4\x64\debug\project4.ilk
c:\users\salihpkdmr\source\repos\project4\project4\x64\debug\project4.tlog\cl.command.1.tlog
c:\users\salihpkdmr\source\repos\project4\project4\x64\debug\project4.tlog\cl.items.tlog
c:\users\salihpkdmr\source\repos\project4\project4\x64\debug\project4.tlog\cl.read.1.tlog
c:\users\salihpkdmr\source\repos\project4\project4\x64\debug\project4.tlog\cl.write.1.tlog
c:\users\salihpkdmr\source\repos\project4\project4\x64\debug\project4.tlog\link-cvtres.read.1.tlog
c:\users\salihpkdmr\source\repos\project4\project4\x64\debug\project4.tlog\link-cvtres.write.1.tlog
c:\users\salihpkdmr\source\repos\project4\project4\x64\debug\project4.tlog\link-rc.read.1.tlog
c:\users\salihpkdmr\source\repos\project4\project4\x64\debug\project4.tlog\link-rc.write.1.tlog
c:\users\salihpkdmr\source\repos\project4\project4\x64\debug\project4.tlog\link.25996-cvtres.read.1.tlog
c:\users\salihpkdmr\source\repos\project4\project4\x64\debug\project4.tlog\link.25996-cvtres.write.1.tlog
c:\users\salihpkdmr\source\repos\project4\project4\x64\debug\project4.tlog\link.25996-rc.read.1.tlog
c:\users\salihpkdmr\source\repos\project4\project4\x64\debug\project4.tlog\link.25996-rc.write.1.tlog
c:\users\salihpkdmr\source\repos\project4\project4\x64\debug\project4.tlog\link.25996.read.1.tlog
c:\users\salihpkdmr\source\repos\project4\project4\x64\debug\project4.tlog\link.25996.read.2.tlog
c:\users\salihpkdmr\source\repos\project4\project4\x64\debug\project4.tlog\link.25996.read.3.tlog
c:\users\salihpkdmr\source\repos\project4\project4\x64\debug\project4.tlog\link.25996.read.4.tlog
c:\users\salihpkdmr\source\repos\project4\project4\x64\debug\project4.tlog\link.25996.write.1.tlog
c:\users\salihpkdmr\source\repos\project4\project4\x64\debug\project4.tlog\link.command.1.tlog
c:\users\salihpkdmr\source\repos\project4\project4\x64\debug\project4.tlog\link.read.1.tlog
c:\users\salihpkdmr\source\repos\project4\project4\x64\debug\project4.tlog\link.read.2.tlog
c:\users\salihpkdmr\source\repos\project4\project4\x64\debug\project4.tlog\link.read.3.tlog
c:\users\salihpkdmr\source\repos\project4\project4\x64\debug\project4.tlog\link.read.4.tlog
c:\users\salihpkdmr\source\repos\project4\project4\x64\debug\project4.tlog\link.secondary.1.tlog
c:\users\salihpkdmr\source\repos\project4\project4\x64\debug\project4.tlog\link.write.1.tlog
